<?xml version="1.0" encoding="UTF-8"?>
<testsuites>
  <testsuite name="CommonPHP" tests="4" assertions="9" failures="0" errors="0" time="0.002619">
    <testsuite name="Common\Test\ReflectionTest" file="/Users/Fuzzy/milf/ReflectionClass/tests/Reflection.php" tests="4" assertions="9" failures="0" errors="0" time="0.002619">
      <testcase name="test_callMethod" class="Common\Test\ReflectionTest" file="/Users/Fuzzy/milf/ReflectionClass/tests/Reflection.php" line="35" assertions="3" time="0.001103"/>
      <testcase name="test_private_property" class="Common\Test\ReflectionTest" file="/Users/Fuzzy/milf/ReflectionClass/tests/Reflection.php" line="46" assertions="2" time="0.000801"/>
      <testcase name="test_protected_property" class="Common\Test\ReflectionTest" file="/Users/Fuzzy/milf/ReflectionClass/tests/Reflection.php" line="59" assertions="2" time="0.000396"/>
      <testcase name="test_static_property" class="Common\Test\ReflectionTest" file="/Users/Fuzzy/milf/ReflectionClass/tests/Reflection.php" line="72" assertions="2" time="0.000319"/>
    </testsuite>
  </testsuite>
</testsuites>
